2020-04-13 20:37:02.537  INFO 6518 --- [main] c.w.T.TradingSystemApplication           : Starting TradingSystemApplication on moran-Lenovo-ideapad-310-15ISK with PID 6518 (/home/moran/Desktop/sadna/Wsep202/target/classes started by moran in /home/moran/Desktop/sadna/Wsep202)
2020-04-13 20:37:02.563  INFO 6518 --- [main] c.w.T.TradingSystemApplication           : No active profile set, falling back to default profiles: default
2020-04-13 20:37:04.211  INFO 6518 --- [main] o.s.b.w.embedded.tomcat.TomcatWebServer  : Tomcat initialized with port(s): 8080 (http)
2020-04-13 20:37:04.228  INFO 6518 --- [main] o.apache.catalina.core.StandardService   : Starting service [Tomcat]
2020-04-13 20:37:04.229  INFO 6518 --- [main] org.apache.catalina.core.StandardEngine  : Starting Servlet engine: [Apache Tomcat/9.0.33]
2020-04-13 20:37:04.321  INFO 6518 --- [main] o.a.c.c.C.[Tomcat].[localhost].[/]       : Initializing Spring embedded WebApplicationContext
2020-04-13 20:37:04.322  INFO 6518 --- [main] o.s.web.context.ContextLoader            : Root WebApplicationContext: initialization completed in 1661 ms
2020-04-13 20:37:05.568  INFO 6518 --- [main] o.s.s.concurrent.ThreadPoolTaskExecutor  : Initializing ExecutorService 'applicationTaskExecutor'
2020-04-13 20:37:05.916  INFO 6518 --- [main] .s.s.UserDetailsServiceAutoConfiguration : 

Using generated security password: 54d1dada-ed22-45af-8c16-6b5f67194b81

2020-04-13 20:37:06.057  INFO 6518 --- [main] o.s.s.web.DefaultSecurityFilterChain     : Creating filter chain: any request, [org.springframework.security.web.context.request.async.WebAsyncManagerIntegrationFilter@4b3fe06e, org.springframework.security.web.context.SecurityContextPersistenceFilter@764cba, org.springframework.security.web.header.HeaderWriterFilter@3f9f71ff, org.springframework.security.web.csrf.CsrfFilter@6c302a1d, org.springframework.security.web.authentication.logout.LogoutFilter@74dbb1ee, org.springframework.security.web.authentication.UsernamePasswordAuthenticationFilter@b835727, org.springframework.security.web.authentication.ui.DefaultLoginPageGeneratingFilter@2a066689, org.springframework.security.web.authentication.ui.DefaultLogoutPageGeneratingFilter@27b45ea, org.springframework.security.web.authentication.www.BasicAuthenticationFilter@ef1695a, org.springframework.security.web.savedrequest.RequestCacheAwareFilter@58496c97, org.springframework.security.web.servletapi.SecurityContextHolderAwareRequestFilter@6c518474, org.springframework.security.web.authentication.AnonymousAuthenticationFilter@3e17a0a1, org.springframework.security.web.session.SessionManagementFilter@27e5b378, org.springframework.security.web.access.ExceptionTranslationFilter@34f392be, org.springframework.security.web.access.intercept.FilterSecurityInterceptor@168cd36b]
2020-04-13 20:37:06.161  INFO 6518 --- [main] o.s.b.w.embedded.tomcat.TomcatWebServer  : Tomcat started on port(s): 8080 (http) with context path ''
2020-04-13 20:37:06.170  INFO 6518 --- [main] c.w.T.TradingSystemApplication           : Started TradingSystemApplication in 4.501 seconds (JVM running for 5.18)
2020-04-13 20:38:30.393  INFO 6518 --- [SpringContextShutdownHook] o.s.s.concurrent.ThreadPoolTaskExecutor  : Shutting down ExecutorService 'applicationTaskExecutor'
2020-04-13 20:38:35.125  INFO 6621 --- [main] c.w.T.TradingSystemApplication           : Starting TradingSystemApplication on moran-Lenovo-ideapad-310-15ISK with PID 6621 (/home/moran/Desktop/sadna/Wsep202/target/classes started by moran in /home/moran/Desktop/sadna/Wsep202)
2020-04-13 20:38:35.128  INFO 6621 --- [main] c.w.T.TradingSystemApplication           : No active profile set, falling back to default profiles: default
2020-04-13 20:38:36.816  INFO 6621 --- [main] o.s.b.w.embedded.tomcat.TomcatWebServer  : Tomcat initialized with port(s): 8080 (http)
2020-04-13 20:38:36.831  INFO 6621 --- [main] o.apache.catalina.core.StandardService   : Starting service [Tomcat]
2020-04-13 20:38:36.832  INFO 6621 --- [main] org.apache.catalina.core.StandardEngine  : Starting Servlet engine: [Apache Tomcat/9.0.33]
2020-04-13 20:38:36.913  INFO 6621 --- [main] o.a.c.c.C.[Tomcat].[localhost].[/]       : Initializing Spring embedded WebApplicationContext
2020-04-13 20:38:36.914  INFO 6621 --- [main] o.s.web.context.ContextLoader            : Root WebApplicationContext: initialization completed in 1669 ms
2020-04-13 20:38:37.972  INFO 6621 --- [main] o.s.s.concurrent.ThreadPoolTaskExecutor  : Initializing ExecutorService 'applicationTaskExecutor'
2020-04-13 20:38:38.318  INFO 6621 --- [main] .s.s.UserDetailsServiceAutoConfiguration : 

Using generated security password: b08fadf2-436e-4546-8437-9a6e1abab361

2020-04-13 20:38:38.442  INFO 6621 --- [main] o.s.s.web.DefaultSecurityFilterChain     : Creating filter chain: any request, [org.springframework.security.web.context.request.async.WebAsyncManagerIntegrationFilter@8a2a6a, org.springframework.security.web.context.SecurityContextPersistenceFilter@778d82e9, org.springframework.security.web.header.HeaderWriterFilter@2eadc9f6, org.springframework.security.web.csrf.CsrfFilter@3ae9d1e2, org.springframework.security.web.authentication.logout.LogoutFilter@199bc830, org.springframework.security.web.authentication.UsernamePasswordAuthenticationFilter@3ce53f6a, org.springframework.security.web.authentication.ui.DefaultLoginPageGeneratingFilter@2c8662ac, org.springframework.security.web.authentication.ui.DefaultLogoutPageGeneratingFilter@772861aa, org.springframework.security.web.authentication.www.BasicAuthenticationFilter@7fd8c559, org.springframework.security.web.savedrequest.RequestCacheAwareFilter@59901c4d, org.springframework.security.web.servletapi.SecurityContextHolderAwareRequestFilter@b835727, org.springframework.security.web.authentication.AnonymousAuthenticationFilter@6631cb64, org.springframework.security.web.session.SessionManagementFilter@61af1510, org.springframework.security.web.access.ExceptionTranslationFilter@5633dafd, org.springframework.security.web.access.intercept.FilterSecurityInterceptor@102efc59]
2020-04-13 20:38:38.519  INFO 6621 --- [main] o.s.b.w.embedded.tomcat.TomcatWebServer  : Tomcat started on port(s): 8080 (http) with context path ''
2020-04-13 20:38:38.524  INFO 6621 --- [main] c.w.T.TradingSystemApplication           : Started TradingSystemApplication in 4.262 seconds (JVM running for 4.882)
2020-04-13 20:38:55.259  INFO 6621 --- [SpringContextShutdownHook] o.s.s.concurrent.ThreadPoolTaskExecutor  : Shutting down ExecutorService 'applicationTaskExecutor'
