2020-04-11T00:32:52.848+0300 DEBUG Loaded expression factory via original TCCL
2020-04-11T00:32:52.859+0300 DEBUG HV000234: Using org.hibernate.validator.messageinterpolation.ResourceBundleMessageInterpolator as ValidatorFactory-scoped message interpolator.
2020-04-11T00:32:52.859+0300 DEBUG HV000234: Using org.hibernate.validator.internal.engine.resolver.TraverseAllTraversableResolver as ValidatorFactory-scoped traversable resolver.
2020-04-11T00:32:52.861+0300 DEBUG HV000234: Using org.hibernate.validator.internal.util.ExecutableParameterNameProvider as ValidatorFactory-scoped parameter name provider.
2020-04-11T00:32:52.862+0300 DEBUG HV000234: Using org.hibernate.validator.internal.engine.DefaultClockProvider as ValidatorFactory-scoped clock provider.
2020-04-11T00:32:52.871+0300 DEBUG HV000234: Using org.hibernate.validator.internal.engine.scripting.DefaultScriptEvaluatorFactory as ValidatorFactory-scoped script evaluator factory.
2020-04-11T00:32:55.536+0300 DEBUG Cannot find javax.persistence.Persistence on classpath. Assuming non JPA 2 environment. All properties will per default be traversable.
2020-04-11T00:32:55.537+0300 DEBUG Loaded expression factory via original TCCL
2020-04-11T00:32:55.540+0300 DEBUG Cannot find javax.persistence.Persistence on classpath. Assuming non JPA 2 environment. All properties will per default be traversable.
2020-04-11T00:32:55.542+0300 DEBUG Setting custom MessageInterpolator of type org.springframework.validation.beanvalidation.LocaleContextMessageInterpolator
2020-04-11T00:32:55.543+0300 DEBUG Setting custom ConstraintValidatorFactory of type org.springframework.validation.beanvalidation.SpringConstraintValidatorFactory
2020-04-11T00:32:55.544+0300 DEBUG Setting custom ParameterNameProvider of type org.springframework.validation.beanvalidation.LocalValidatorFactoryBean$1
2020-04-11T00:32:55.546+0300 DEBUG Trying to load META-INF/validation.xml for XML based Validator configuration.
2020-04-11T00:32:55.546+0300 DEBUG Trying to load META-INF/validation.xml via user class loader
2020-04-11T00:32:55.546+0300 DEBUG Trying to load META-INF/validation.xml via TCCL
2020-04-11T00:32:55.547+0300 DEBUG Trying to load META-INF/validation.xml via Hibernate Validator's class loader
2020-04-11T00:32:55.547+0300 DEBUG No META-INF/validation.xml found. Using annotation based configuration only.
2020-04-11T00:32:55.554+0300 DEBUG HV000234: Using org.springframework.validation.beanvalidation.LocaleContextMessageInterpolator as ValidatorFactory-scoped message interpolator.
2020-04-11T00:32:55.554+0300 DEBUG HV000234: Using org.hibernate.validator.internal.engine.resolver.TraverseAllTraversableResolver as ValidatorFactory-scoped traversable resolver.
2020-04-11T00:32:55.554+0300 DEBUG HV000234: Using org.hibernate.validator.internal.util.ExecutableParameterNameProvider as ValidatorFactory-scoped parameter name provider.
2020-04-11T00:32:55.554+0300 DEBUG HV000234: Using org.hibernate.validator.internal.engine.DefaultClockProvider as ValidatorFactory-scoped clock provider.
2020-04-11T00:32:55.554+0300 DEBUG HV000234: Using org.hibernate.validator.internal.engine.scripting.DefaultScriptEvaluatorFactory as ValidatorFactory-scoped script evaluator factory.
